<?xml version="1.0" encoding="UTF-8"?>
<!-- Generated by org.testng.reporters.JUnitReportReporter -->
<testsuite skipped="0" hostname="Yogiiiii" name="in.Reddiffmail.Test.HomePageTest" tests="1" failures="0" timestamp="15 Oct 2018 06:50:09 GMT" time="51.147" errors="0">
  <testcase name="logo" time="51.147" classname="in.Reddiffmail.Test.HomePageTest"/>
</testsuite> <!-- in.Reddiffmail.Test.HomePageTest -->
