<?xml version="1.0" encoding="UTF-8"?>
<!-- Generated by org.testng.reporters.JUnitReportReporter -->
<testsuite skipped="0" hostname="Yogiiiii" name="in.Reddiffmail.Test.MobilePageTest" tests="3" failures="0" timestamp="24 Oct 2018 08:22:56 GMT" time="107.036" errors="0">
  <testcase name="validatelogo" time="44.706" classname="in.Reddiffmail.Test.MobilePageTest"/>
  <testcase name="verifyUrl" time="31.538" classname="in.Reddiffmail.Test.MobilePageTest"/>
  <testcase name="verifyTitle" time="30.792" classname="in.Reddiffmail.Test.MobilePageTest"/>
</testsuite> <!-- in.Reddiffmail.Test.MobilePageTest -->
