<?xml version="1.0" encoding="UTF-8"?>
<!-- Generated by org.testng.reporters.JUnitReportReporter -->
<testsuite skipped="0" hostname="Yogiiiii" name="in.Reddiffmail.Test.HomePageTest" tests="9" failures="0" timestamp="23 Oct 2018 08:01:27 GMT" time="513.979" errors="0">
  <testcase name="logo" time="66.251" classname="in.Reddiffmail.Test.HomePageTest"/>
  <testcase name="vmobilelink" time="43.160" classname="in.Reddiffmail.Test.HomePageTest"/>
  <testcase name="validatelogin" time="31.430" classname="in.Reddiffmail.Test.HomePageTest"/>
  <testcase name="verifymeslifestyle" time="47.973" classname="in.Reddiffmail.Test.HomePageTest"/>
  <testcase name="verifywomeneslifestyle" time="60.188" classname="in.Reddiffmail.Test.HomePageTest"/>
  <testcase name="verifyelectronics" time="65.507" classname="in.Reddiffmail.Test.HomePageTest"/>
  <testcase name="verifywateches" time="41.421" classname="in.Reddiffmail.Test.HomePageTest"/>
  <testcase name="verifyhomeanddecore" time="96.187" classname="in.Reddiffmail.Test.HomePageTest"/>
  <testcase name="verifypersonalcare" time="61.862" classname="in.Reddiffmail.Test.HomePageTest"/>
</testsuite> <!-- in.Reddiffmail.Test.HomePageTest -->
