<?xml version="1.0" encoding="UTF-8"?>
<!-- Generated by org.testng.reporters.JUnitReportReporter -->
<testsuite skipped="0" hostname="Yogiiiii" name="in.Reddiffmail.Test.MobilePageTest" tests="3" failures="0" timestamp="23 Oct 2018 08:01:27 GMT" time="207.286" errors="0">
  <testcase name="validatelogo" time="57.538" classname="in.Reddiffmail.Test.MobilePageTest"/>
  <testcase name="verifyUrl" time="68.003" classname="in.Reddiffmail.Test.MobilePageTest"/>
  <testcase name="verifyTitle" time="81.745" classname="in.Reddiffmail.Test.MobilePageTest"/>
</testsuite> <!-- in.Reddiffmail.Test.MobilePageTest -->
