<?xml version="1.0" encoding="UTF-8"?>
<!-- Generated by org.testng.reporters.JUnitReportReporter -->
<testsuite skipped="0" hostname="Yogiiiii" name="in.Reddiffmail.Test.HomePageTest" tests="11" failures="0" timestamp="25 Oct 2018 07:18:20 GMT" time="63.739" errors="0">
  <testcase name="verifywomeneslifestyle" time="6.811" classname="in.Reddiffmail.Test.HomePageTest"/>
  <testcase name="logo" time="3.063" classname="in.Reddiffmail.Test.HomePageTest"/>
  <testcase name="verifywateches" time="7.721" classname="in.Reddiffmail.Test.HomePageTest"/>
  <testcase name="verifypersonalcare" time="5.772" classname="in.Reddiffmail.Test.HomePageTest"/>
  <testcase name="verifyelectronics" time="8.430" classname="in.Reddiffmail.Test.HomePageTest"/>
  <testcase name="verifyBooks" time="3.993" classname="in.Reddiffmail.Test.HomePageTest"/>
  <testcase name="validatelogin" time="5.697" classname="in.Reddiffmail.Test.HomePageTest"/>
  <testcase name="verifyhealthandfitness" time="5.538" classname="in.Reddiffmail.Test.HomePageTest"/>
  <testcase name="verifymeslifestyle" time="6.836" classname="in.Reddiffmail.Test.HomePageTest"/>
  <testcase name="verifyhomeanddecore" time="4.555" classname="in.Reddiffmail.Test.HomePageTest"/>
  <testcase name="vmobilelink" time="5.323" classname="in.Reddiffmail.Test.HomePageTest"/>
</testsuite> <!-- in.Reddiffmail.Test.HomePageTest -->
