<?xml version="1.0" encoding="UTF-8"?>
<!-- Generated by org.testng.reporters.JUnitReportReporter -->
<testsuite skipped="0" hostname="Yogiiiii" name="in.Reddiffmail.Test.HomePageTest" tests="1" failures="0" timestamp="05 Oct 2018 07:34:36 GMT" time="160.706" errors="0">
  <testcase name="verifywomeneslifestyle" time="160.706" classname="in.Reddiffmail.Test.HomePageTest"/>
</testsuite> <!-- in.Reddiffmail.Test.HomePageTest -->
