<?xml version="1.0" encoding="UTF-8"?>
<!-- Generated by org.testng.reporters.JUnitReportReporter -->
<testsuite skipped="0" hostname="Yogiiiii" name="in.Reddiffmail.Test.LoginTest" tests="1" failures="0" timestamp="24 Oct 2018 05:52:29 GMT" time="65.014" errors="0">
  <testcase name="loginrediff" time="65.014" classname="in.Reddiffmail.Test.LoginTest"/>
</testsuite> <!-- in.Reddiffmail.Test.LoginTest -->
