<?xml version="1.0" encoding="UTF-8"?>
<!-- Generated by org.testng.reporters.JUnitReportReporter -->
<testsuite skipped="0" hostname="Yogiiiii" name="in.Reddiffmail.Test.HomePageTest" tests="3" failures="0" timestamp="26 Sep 2018 11:16:33 GMT" time="120.531" errors="0">
  <testcase name="relogin" time="33.765" classname="in.Reddiffmail.Test.HomePageTest"/>
  <testcase name="logo" time="50.440" classname="in.Reddiffmail.Test.HomePageTest"/>
  <testcase name="vmobilelink" time="36.326" classname="in.Reddiffmail.Test.HomePageTest"/>
</testsuite> <!-- in.Reddiffmail.Test.HomePageTest -->
