<?xml version="1.0" encoding="UTF-8"?>
<!-- Generated by org.testng.reporters.JUnitReportReporter -->
<testsuite skipped="0" hostname="Yogiiiii" name="in.Reddiffmail.Test.MobilePageTest" tests="3" failures="0" timestamp="24 Oct 2018 07:42:58 GMT" time="108.205" errors="0">
  <testcase name="validatelogo" time="35.891" classname="in.Reddiffmail.Test.MobilePageTest"/>
  <testcase name="verifyUrl" time="30.538" classname="in.Reddiffmail.Test.MobilePageTest"/>
  <testcase name="verifyTitle" time="41.776" classname="in.Reddiffmail.Test.MobilePageTest"/>
</testsuite> <!-- in.Reddiffmail.Test.MobilePageTest -->
