<?xml version="1.0" encoding="UTF-8"?>
<!-- Generated by org.testng.reporters.JUnitReportReporter -->
<testsuite skipped="0" hostname="Yogiiiii" name="in.Reddiffmail.Test.MobilePageTest" tests="3" failures="0" timestamp="23 Oct 2018 09:24:03 GMT" time="184.239" errors="0">
  <testcase name="validatelogo" time="59.365" classname="in.Reddiffmail.Test.MobilePageTest"/>
  <testcase name="verifyUrl" time="62.057" classname="in.Reddiffmail.Test.MobilePageTest"/>
  <testcase name="verifyTitle" time="62.817" classname="in.Reddiffmail.Test.MobilePageTest"/>
</testsuite> <!-- in.Reddiffmail.Test.MobilePageTest -->
