<?xml version="1.0" encoding="UTF-8"?>
<!-- Generated by org.testng.reporters.JUnitReportReporter -->
<testsuite skipped="0" hostname="Yogiiiii" name="in.Reddiffmail.Test.MensLifestylepageTest" tests="1" failures="0" timestamp="25 Oct 2018 10:07:55 GMT" time="42.454" errors="0">
  <testcase name="validateTitle" time="42.454" classname="in.Reddiffmail.Test.MensLifestylepageTest"/>
</testsuite> <!-- in.Reddiffmail.Test.MensLifestylepageTest -->
