<?xml version="1.0" encoding="UTF-8"?>
<!-- Generated by org.testng.reporters.JUnitReportReporter -->
<testsuite skipped="0" hostname="Yogiiiii" name="in.Reddiffmail.Test.HomePageTest" tests="9" failures="0" timestamp="17 Oct 2018 06:41:12 GMT" time="420.662" errors="0">
  <testcase name="logo" time="32.292" classname="in.Reddiffmail.Test.HomePageTest"/>
  <testcase name="vmobilelink" time="33.689" classname="in.Reddiffmail.Test.HomePageTest"/>
  <testcase name="validatelogin" time="38.286" classname="in.Reddiffmail.Test.HomePageTest"/>
  <testcase name="verifymeslifestyle" time="47.878" classname="in.Reddiffmail.Test.HomePageTest"/>
  <testcase name="verifywomeneslifestyle" time="93.900" classname="in.Reddiffmail.Test.HomePageTest"/>
  <testcase name="verifyelectronics" time="37.160" classname="in.Reddiffmail.Test.HomePageTest"/>
  <testcase name="verifywateches" time="41.664" classname="in.Reddiffmail.Test.HomePageTest"/>
  <testcase name="verifyhomeanddecore" time="47.298" classname="in.Reddiffmail.Test.HomePageTest"/>
  <testcase name="verifypersonalcare" time="48.495" classname="in.Reddiffmail.Test.HomePageTest"/>
</testsuite> <!-- in.Reddiffmail.Test.HomePageTest -->
