<?xml version="1.0" encoding="UTF-8"?>
<!-- Generated by org.testng.reporters.JUnitReportReporter -->
<testsuite skipped="0" hostname="Yogiiiii" name="in.Reddiffmail.Test.MobilePageTest" tests="1" failures="0" timestamp="04 Oct 2018 10:41:43 GMT" time="142.307" errors="0">
  <testcase name="verifyTitle" time="142.307" classname="in.Reddiffmail.Test.MobilePageTest"/>
</testsuite> <!-- in.Reddiffmail.Test.MobilePageTest -->
