<?xml version="1.0" encoding="UTF-8"?>
<!-- Generated by org.testng.reporters.JUnitReportReporter -->
<testsuite skipped="0" hostname="Yogiiiii" name="in.Reddiffmail.Test.HomePageTest" tests="3" failures="0" timestamp="04 Oct 2018 08:53:45 GMT" time="166.140" errors="0">
  <testcase name="logo" time="57.982" classname="in.Reddiffmail.Test.HomePageTest"/>
  <testcase name="vmobilelink" time="61.072" classname="in.Reddiffmail.Test.HomePageTest"/>
  <testcase name="validatelogin" time="47.086" classname="in.Reddiffmail.Test.HomePageTest"/>
</testsuite> <!-- in.Reddiffmail.Test.HomePageTest -->
