<?xml version="1.0" encoding="UTF-8"?>
<!-- Generated by org.testng.reporters.JUnitReportReporter -->
<testsuite skipped="0" hostname="Yogiiiii" name="in.Reddiffmail.Test.MobilePageTest" tests="3" failures="0" timestamp="15 Oct 2018 05:18:35 GMT" time="155.559" errors="0">
  <testcase name="validatelogo" time="47.043" classname="in.Reddiffmail.Test.MobilePageTest"/>
  <testcase name="verifyUrl" time="61.337" classname="in.Reddiffmail.Test.MobilePageTest"/>
  <testcase name="verifyTitle" time="47.179" classname="in.Reddiffmail.Test.MobilePageTest"/>
</testsuite> <!-- in.Reddiffmail.Test.MobilePageTest -->
