<?xml version="1.0" encoding="UTF-8"?>
<!-- Generated by org.testng.reporters.JUnitReportReporter -->
<testsuite skipped="0" hostname="Yogiiiii" name="in.Reddiffmail.Test.HomePageTest" tests="9" failures="0" timestamp="17 Oct 2018 06:16:39 GMT" time="283.005" errors="0">
  <testcase name="logo" time="23.430" classname="in.Reddiffmail.Test.HomePageTest"/>
  <testcase name="vmobilelink" time="33.295" classname="in.Reddiffmail.Test.HomePageTest"/>
  <testcase name="validatelogin" time="22.087" classname="in.Reddiffmail.Test.HomePageTest"/>
  <testcase name="verifymeslifestyle" time="30.183" classname="in.Reddiffmail.Test.HomePageTest"/>
  <testcase name="verifywomeneslifestyle" time="31.081" classname="in.Reddiffmail.Test.HomePageTest"/>
  <testcase name="verifyelectronics" time="46.543" classname="in.Reddiffmail.Test.HomePageTest"/>
  <testcase name="verifywateches" time="36.386" classname="in.Reddiffmail.Test.HomePageTest"/>
  <testcase name="verifyhomeanddecore" time="32.307" classname="in.Reddiffmail.Test.HomePageTest"/>
  <testcase name="verifypersonalcare" time="27.693" classname="in.Reddiffmail.Test.HomePageTest"/>
</testsuite> <!-- in.Reddiffmail.Test.HomePageTest -->
