<?xml version="1.0" encoding="UTF-8"?>
<!-- Generated by org.testng.reporters.JUnitReportReporter -->
<testsuite skipped="0" hostname="Yogiiiii" name="in.Reddiffmail.Test.HomePageTest" tests="9" failures="0" timestamp="24 Oct 2018 08:48:41 GMT" time="399.643" errors="0">
  <testcase name="validatelogin" time="28.334" classname="in.Reddiffmail.Test.HomePageTest"/>
  <testcase name="verifymeslifestyle" time="52.783" classname="in.Reddiffmail.Test.HomePageTest"/>
  <testcase name="verifypersonalcare" time="47.566" classname="in.Reddiffmail.Test.HomePageTest"/>
  <testcase name="verifywomeneslifestyle" time="35.028" classname="in.Reddiffmail.Test.HomePageTest"/>
  <testcase name="vmobilelink" time="54.852" classname="in.Reddiffmail.Test.HomePageTest"/>
  <testcase name="verifywateches" time="58.628" classname="in.Reddiffmail.Test.HomePageTest"/>
  <testcase name="logo" time="36.531" classname="in.Reddiffmail.Test.HomePageTest"/>
  <testcase name="verifyelectronics" time="50.197" classname="in.Reddiffmail.Test.HomePageTest"/>
  <testcase name="verifyhomeanddecore" time="35.724" classname="in.Reddiffmail.Test.HomePageTest"/>
</testsuite> <!-- in.Reddiffmail.Test.HomePageTest -->
