<?xml version="1.0" encoding="UTF-8"?>
<!-- Generated by org.testng.reporters.JUnitReportReporter -->
<testsuite skipped="0" hostname="Yogiiiii" name="in.Reddiffmail.Test.LoginTest" tests="1" failures="0" timestamp="23 Oct 2018 09:24:03 GMT" time="59.164" errors="0">
  <testcase name="loginrediff" time="59.164" classname="in.Reddiffmail.Test.LoginTest"/>
</testsuite> <!-- in.Reddiffmail.Test.LoginTest -->
