<?xml version="1.0" encoding="UTF-8"?>
<!-- Generated by org.testng.reporters.JUnitReportReporter -->
<testsuite skipped="0" hostname="Yogiiiii" name="in.Reddiffmail.Test.LoginTest" tests="1" failures="0" timestamp="27 Sep 2018 04:38:01 GMT" time="74.800" errors="0">
  <testcase name="loginrediff" time="74.800" classname="in.Reddiffmail.Test.LoginTest"/>
</testsuite> <!-- in.Reddiffmail.Test.LoginTest -->
