<?xml version="1.0" encoding="UTF-8"?>
<!-- Generated by org.testng.reporters.JUnitReportReporter -->
<testsuite skipped="0" hostname="Yogiiiii" name="in.Reddiffmail.Test.HomePageTest" tests="3" failures="0" timestamp="05 Oct 2018 05:33:06 GMT" time="194.403" errors="0">
  <testcase name="logo" time="45.925" classname="in.Reddiffmail.Test.HomePageTest"/>
  <testcase name="vmobilelink" time="53.284" classname="in.Reddiffmail.Test.HomePageTest"/>
  <testcase name="validatelogin" time="95.194" classname="in.Reddiffmail.Test.HomePageTest"/>
</testsuite> <!-- in.Reddiffmail.Test.HomePageTest -->
