<?xml version="1.0" encoding="UTF-8"?>
<!-- Generated by org.testng.reporters.JUnitReportReporter -->
<testsuite skipped="0" hostname="Yogiiiii" name="in.Reddiffmail.Test.MobilePageTest" tests="3" failures="0" timestamp="24 Oct 2018 08:48:41 GMT" time="215.645" errors="0">
  <testcase name="verifyTitle" time="74.525" classname="in.Reddiffmail.Test.MobilePageTest"/>
  <testcase name="verifyUrl" time="52.237" classname="in.Reddiffmail.Test.MobilePageTest"/>
  <testcase name="validatelogo" time="88.883" classname="in.Reddiffmail.Test.MobilePageTest"/>
</testsuite> <!-- in.Reddiffmail.Test.MobilePageTest -->
