<?xml version="1.0" encoding="UTF-8"?>
<!-- Generated by org.testng.reporters.JUnitReportReporter -->
<testsuite skipped="0" hostname="Yogiiiii" name="in.Reddiffmail.Test.HomePageTest" tests="9" failures="0" timestamp="24 Oct 2018 05:52:29 GMT" time="454.555" errors="0">
  <testcase name="logo" time="31.861" classname="in.Reddiffmail.Test.HomePageTest"/>
  <testcase name="vmobilelink" time="60.338" classname="in.Reddiffmail.Test.HomePageTest"/>
  <testcase name="validatelogin" time="49.507" classname="in.Reddiffmail.Test.HomePageTest"/>
  <testcase name="verifymeslifestyle" time="55.366" classname="in.Reddiffmail.Test.HomePageTest"/>
  <testcase name="verifywomeneslifestyle" time="54.834" classname="in.Reddiffmail.Test.HomePageTest"/>
  <testcase name="verifyelectronics" time="55.073" classname="in.Reddiffmail.Test.HomePageTest"/>
  <testcase name="verifywateches" time="56.367" classname="in.Reddiffmail.Test.HomePageTest"/>
  <testcase name="verifyhomeanddecore" time="33.127" classname="in.Reddiffmail.Test.HomePageTest"/>
  <testcase name="verifypersonalcare" time="58.082" classname="in.Reddiffmail.Test.HomePageTest"/>
</testsuite> <!-- in.Reddiffmail.Test.HomePageTest -->
