<?xml version="1.0" encoding="UTF-8"?>
<!-- Generated by org.testng.reporters.JUnitReportReporter -->
<testsuite skipped="0" hostname="Yogiiiii" name="in.Reddiffmail.Test.HomePageTest" tests="9" failures="0" timestamp="24 Oct 2018 08:22:56 GMT" time="277.309" errors="0">
  <testcase name="logo" time="26.317" classname="in.Reddiffmail.Test.HomePageTest"/>
  <testcase name="vmobilelink" time="29.518" classname="in.Reddiffmail.Test.HomePageTest"/>
  <testcase name="validatelogin" time="28.233" classname="in.Reddiffmail.Test.HomePageTest"/>
  <testcase name="verifymeslifestyle" time="32.188" classname="in.Reddiffmail.Test.HomePageTest"/>
  <testcase name="verifywomeneslifestyle" time="32.234" classname="in.Reddiffmail.Test.HomePageTest"/>
  <testcase name="verifyelectronics" time="38.105" classname="in.Reddiffmail.Test.HomePageTest"/>
  <testcase name="verifywateches" time="31.252" classname="in.Reddiffmail.Test.HomePageTest"/>
  <testcase name="verifyhomeanddecore" time="29.220" classname="in.Reddiffmail.Test.HomePageTest"/>
  <testcase name="verifypersonalcare" time="30.242" classname="in.Reddiffmail.Test.HomePageTest"/>
</testsuite> <!-- in.Reddiffmail.Test.HomePageTest -->
