<?xml version="1.0" encoding="UTF-8"?>
<!-- Generated by org.testng.reporters.JUnitReportReporter -->
<testsuite skipped="0" hostname="Yogiiiii" name="in.Reddiffmail.Test.LoginTest" tests="1" failures="0" timestamp="27 Sep 2018 07:30:16 GMT" time="52.140" errors="0">
  <testcase name="loginrediff" time="52.140" classname="in.Reddiffmail.Test.LoginTest"/>
</testsuite> <!-- in.Reddiffmail.Test.LoginTest -->
