<?xml version="1.0" encoding="UTF-8"?>
<!-- Generated by org.testng.reporters.JUnitReportReporter -->
<testsuite skipped="0" hostname="Yogiiiii" name="in.Reddiffmail.Test.HomePageTest" tests="3" failures="0" timestamp="27 Sep 2018 07:30:16 GMT" time="184.113" errors="0">
  <testcase name="logo" time="48.390" classname="in.Reddiffmail.Test.HomePageTest"/>
  <testcase name="vmobilelink" time="64.418" classname="in.Reddiffmail.Test.HomePageTest"/>
  <testcase name="validatelogin" time="71.305" classname="in.Reddiffmail.Test.HomePageTest"/>
</testsuite> <!-- in.Reddiffmail.Test.HomePageTest -->
