<?xml version="1.0" encoding="UTF-8"?>
<!-- Generated by org.testng.reporters.JUnitReportReporter -->
<testsuite skipped="0" hostname="Yogiiiii" name="in.Reddiffmail.Test.MobilePageTest" tests="3" failures="0" timestamp="25 Oct 2018 07:18:20 GMT" time="41.185" errors="0">
  <testcase name="verifyUrl" time="21.293" classname="in.Reddiffmail.Test.MobilePageTest"/>
  <testcase name="validatelogo" time="9.737" classname="in.Reddiffmail.Test.MobilePageTest"/>
  <testcase name="verifyTitle" time="10.155" classname="in.Reddiffmail.Test.MobilePageTest"/>
</testsuite> <!-- in.Reddiffmail.Test.MobilePageTest -->
