<?xml version="1.0" encoding="UTF-8"?>
<!-- Generated by org.testng.reporters.JUnitReportReporter -->
<testsuite skipped="0" hostname="Yogiiiii" name="in.Reddiffmail.Test.HomePageTest" tests="9" failures="0" timestamp="23 Oct 2018 09:24:03 GMT" time="502.439" errors="0">
  <testcase name="logo" time="46.185" classname="in.Reddiffmail.Test.HomePageTest"/>
  <testcase name="vmobilelink" time="49.874" classname="in.Reddiffmail.Test.HomePageTest"/>
  <testcase name="validatelogin" time="47.032" classname="in.Reddiffmail.Test.HomePageTest"/>
  <testcase name="verifymeslifestyle" time="55.066" classname="in.Reddiffmail.Test.HomePageTest"/>
  <testcase name="verifywomeneslifestyle" time="57.713" classname="in.Reddiffmail.Test.HomePageTest"/>
  <testcase name="verifyelectronics" time="59.234" classname="in.Reddiffmail.Test.HomePageTest"/>
  <testcase name="verifywateches" time="53.601" classname="in.Reddiffmail.Test.HomePageTest"/>
  <testcase name="verifyhomeanddecore" time="76.949" classname="in.Reddiffmail.Test.HomePageTest"/>
  <testcase name="verifypersonalcare" time="56.785" classname="in.Reddiffmail.Test.HomePageTest"/>
</testsuite> <!-- in.Reddiffmail.Test.HomePageTest -->
