<?xml version="1.0" encoding="UTF-8"?>
<!-- Generated by org.testng.reporters.JUnitReportReporter -->
<testsuite skipped="0" hostname="Yogiiiii" name="in.Reddiffmail.Test.LoginTest" tests="1" failures="0" timestamp="05 Oct 2018 05:33:06 GMT" time="74.077" errors="0">
  <testcase name="loginrediff" time="74.077" classname="in.Reddiffmail.Test.LoginTest"/>
</testsuite> <!-- in.Reddiffmail.Test.LoginTest -->
