<?xml version="1.0" encoding="UTF-8"?>
<!-- Generated by org.testng.reporters.JUnitReportReporter -->
<testsuite skipped="0" hostname="Yogiiiii" name="in.Reddiffmail.Test.MobilePageTest" tests="3" failures="0" timestamp="24 Oct 2018 05:52:29 GMT" time="186.466" errors="0">
  <testcase name="validatelogo" time="83.491" classname="in.Reddiffmail.Test.MobilePageTest"/>
  <testcase name="verifyUrl" time="43.291" classname="in.Reddiffmail.Test.MobilePageTest"/>
  <testcase name="verifyTitle" time="59.684" classname="in.Reddiffmail.Test.MobilePageTest"/>
</testsuite> <!-- in.Reddiffmail.Test.MobilePageTest -->
